2025-10-21 14:16:05 - streamlit_ui - INFO - Новый запрос пользователя: привет
2025-10-21 14:16:05 - streamlit_ui - INFO - Новый запрос пользователя: привет
2025-10-21 14:16:05 - streamlit_ui - INFO - Отправка запроса агенту...
2025-10-21 14:16:05 - streamlit_ui - INFO - Отправка запроса агенту...
2025-10-21 14:16:07 - streamlit_ui - INFO - Получен ответ: Здравствуйте! Я аналитический ассистент для аптечной сети. Чем могу помочь вам сегодня? Хотите узнат...
2025-10-21 14:16:07 - streamlit_ui - INFO - Получен ответ: Здравствуйте! Я аналитический ассистент для аптечной сети. Чем могу помочь вам сегодня? Хотите узнат...
2025-10-21 14:16:07 - streamlit_ui - INFO - Ответ успешно отображен пользователю
2025-10-21 14:16:07 - streamlit_ui - INFO - Ответ успешно отображен пользователю
2025-10-21 14:16:16 - streamlit_ui - INFO - Новый запрос пользователя: Сравни продажи за последние 2 месяца
2025-10-21 14:16:16 - streamlit_ui - INFO - Новый запрос пользователя: Сравни продажи за последние 2 месяца
2025-10-21 14:16:16 - streamlit_ui - INFO - Новый запрос пользователя: Сравни продажи за последние 2 месяца
2025-10-21 14:16:16 - streamlit_ui - INFO - Отправка запроса агенту...
2025-10-21 14:16:16 - streamlit_ui - INFO - Отправка запроса агенту...
2025-10-21 14:16:16 - streamlit_ui - INFO - Отправка запроса агенту...
2025-10-21 14:16:20 - streamlit_ui - INFO - Получен ответ: Сравниваю общие продажи (выручку) за последние два месяца по всей аптечной сети. Сейчас подготовлю д...
2025-10-21 14:16:20 - streamlit_ui - INFO - Получен ответ: Сравниваю общие продажи (выручку) за последние два месяца по всей аптечной сети. Сейчас подготовлю д...
2025-10-21 14:16:20 - streamlit_ui - INFO - Получен ответ: Сравниваю общие продажи (выручку) за последние два месяца по всей аптечной сети. Сейчас подготовлю д...
2025-10-21 14:16:20 - streamlit_ui - INFO - Ответ успешно отображен пользователю
2025-10-21 14:16:20 - streamlit_ui - INFO - Ответ успешно отображен пользователю
2025-10-21 14:16:20 - streamlit_ui - INFO - Ответ успешно отображен пользователю
2025-10-21 14:25:25 - streamlit_ui - INFO - Новый запрос пользователя: Сравни продажи за последние 2 месяца
2025-10-21 14:25:25 - streamlit_ui - INFO - Новый запрос пользователя: Сравни продажи за последние 2 месяца
2025-10-21 14:25:25 - streamlit_ui - INFO - Отправка запроса агенту...
2025-10-21 14:25:25 - streamlit_ui - INFO - Отправка запроса агенту...
2025-10-21 14:25:27 - streamlit_ui - INFO - Получен ответ: Пожалуйста, уточните, какие категории препаратов вас интересуют для сравнения продаж за последние дв...
2025-10-21 14:25:27 - streamlit_ui - INFO - Получен ответ: Пожалуйста, уточните, какие категории препаратов вас интересуют для сравнения продаж за последние дв...
2025-10-21 14:25:27 - streamlit_ui - INFO - Ответ успешно отображен пользователю
2025-10-21 14:25:27 - streamlit_ui - INFO - Ответ успешно отображен пользователю
2025-10-21 14:25:40 - streamlit_ui - INFO - Новый запрос пользователя: все
2025-10-21 14:25:40 - streamlit_ui - INFO - Новый запрос пользователя: все
2025-10-21 14:25:40 - streamlit_ui - INFO - Новый запрос пользователя: все
2025-10-21 14:25:40 - streamlit_ui - INFO - Отправка запроса агенту...
2025-10-21 14:25:40 - streamlit_ui - INFO - Отправка запроса агенту...
2025-10-21 14:25:40 - streamlit_ui - INFO - Отправка запроса агенту...
2025-10-21 14:25:45 - streamlit_ui - INFO - Получен ответ: Сейчас я выполню запрос, чтобы получить данные о продажах за последние два месяца....
2025-10-21 14:25:45 - streamlit_ui - INFO - Получен ответ: Сейчас я выполню запрос, чтобы получить данные о продажах за последние два месяца....
2025-10-21 14:25:45 - streamlit_ui - INFO - Получен ответ: Сейчас я выполню запрос, чтобы получить данные о продажах за последние два месяца....
2025-10-21 14:25:45 - streamlit_ui - INFO - Ответ успешно отображен пользователю
2025-10-21 14:25:45 - streamlit_ui - INFO - Ответ успешно отображен пользователю
2025-10-21 14:25:45 - streamlit_ui - INFO - Ответ успешно отображен пользователю
2025-10-21 14:28:47 - streamlit_ui - INFO - Новый запрос пользователя: Сравни продажи за последние 2 месяца
2025-10-21 14:28:47 - streamlit_ui - INFO - Новый запрос пользователя: Сравни продажи за последние 2 месяца
2025-10-21 14:28:47 - streamlit_ui - INFO - Отправка запроса агенту...
2025-10-21 14:28:47 - streamlit_ui - INFO - Отправка запроса агенту...
2025-10-21 14:28:48 - streamlit_ui - INFO - Получен ответ: Для сравнения продаж за последние два месяца, мне нужно уточнить, вас интересуют все категории препа...
2025-10-21 14:28:48 - streamlit_ui - INFO - Получен ответ: Для сравнения продаж за последние два месяца, мне нужно уточнить, вас интересуют все категории препа...
2025-10-21 14:28:48 - streamlit_ui - INFO - Ответ успешно отображен пользователю
2025-10-21 14:28:48 - streamlit_ui - INFO - Ответ успешно отображен пользователю
2025-10-21 14:29:05 - streamlit_ui - INFO - Новый запрос пользователя: все препараты 
2025-10-21 14:29:05 - streamlit_ui - INFO - Новый запрос пользователя: все препараты 
2025-10-21 14:29:05 - streamlit_ui - INFO - Новый запрос пользователя: все препараты 
2025-10-21 14:29:05 - streamlit_ui - INFO - Отправка запроса агенту...
2025-10-21 14:29:05 - streamlit_ui - INFO - Отправка запроса агенту...
2025-10-21 14:29:05 - streamlit_ui - INFO - Отправка запроса агенту...
2025-10-21 14:29:10 - streamlit_ui - INFO - Получен ответ: Произошла ошибка: Error code: 400 - {'error': {'message': "Invalid parameter: messages with role 'to...
2025-10-21 14:29:10 - streamlit_ui - INFO - Получен ответ: Произошла ошибка: Error code: 400 - {'error': {'message': "Invalid parameter: messages with role 'to...
2025-10-21 14:29:10 - streamlit_ui - INFO - Получен ответ: Произошла ошибка: Error code: 400 - {'error': {'message': "Invalid parameter: messages with role 'to...
2025-10-21 14:29:10 - streamlit_ui - INFO - Ответ успешно отображен пользователю
2025-10-21 14:29:10 - streamlit_ui - INFO - Ответ успешно отображен пользователю
2025-10-21 14:29:10 - streamlit_ui - INFO - Ответ успешно отображен пользователю
2025-10-21 14:32:46 - streamlit_ui - INFO - Новый запрос пользователя: привет
2025-10-21 14:32:46 - streamlit_ui - INFO - Новый запрос пользователя: привет
2025-10-21 14:32:46 - streamlit_ui - INFO - Отправка запроса агенту...
2025-10-21 14:32:46 - streamlit_ui - INFO - Отправка запроса агенту...
2025-10-21 14:32:47 - streamlit_ui - INFO - Получен ответ: Привет! Я ваш аналитический ассистент для аптечной сети. Чем могу помочь вам сегодня?...
2025-10-21 14:32:47 - streamlit_ui - INFO - Получен ответ: Привет! Я ваш аналитический ассистент для аптечной сети. Чем могу помочь вам сегодня?...
2025-10-21 14:32:47 - streamlit_ui - INFO - Ответ успешно отображен пользователю
2025-10-21 14:32:47 - streamlit_ui - INFO - Ответ успешно отображен пользователю
2025-10-21 14:32:51 - streamlit_ui - INFO - Новый запрос пользователя: Топ-10 препаратов по продажам
2025-10-21 14:32:51 - streamlit_ui - INFO - Новый запрос пользователя: Топ-10 препаратов по продажам
2025-10-21 14:32:51 - streamlit_ui - INFO - Новый запрос пользователя: Топ-10 препаратов по продажам
2025-10-21 14:32:51 - streamlit_ui - INFO - Отправка запроса агенту...
2025-10-21 14:32:51 - streamlit_ui - INFO - Отправка запроса агенту...
2025-10-21 14:32:51 - streamlit_ui - INFO - Отправка запроса агенту...
2025-10-21 14:32:54 - streamlit_ui - INFO - Получен ответ: За какой период вас интересует топ-10 препаратов по продажам? Например, за последний месяц, квартал ...
2025-10-21 14:32:54 - streamlit_ui - INFO - Получен ответ: За какой период вас интересует топ-10 препаратов по продажам? Например, за последний месяц, квартал ...
2025-10-21 14:32:54 - streamlit_ui - INFO - Получен ответ: За какой период вас интересует топ-10 препаратов по продажам? Например, за последний месяц, квартал ...
2025-10-21 14:32:54 - streamlit_ui - INFO - Ответ успешно отображен пользователю
2025-10-21 14:32:54 - streamlit_ui - INFO - Ответ успешно отображен пользователю
2025-10-21 14:32:54 - streamlit_ui - INFO - Ответ успешно отображен пользователю
2025-10-21 14:33:00 - streamlit_ui - INFO - Новый запрос пользователя: за год
2025-10-21 14:33:00 - streamlit_ui - INFO - Новый запрос пользователя: за год
2025-10-21 14:33:00 - streamlit_ui - INFO - Новый запрос пользователя: за год
2025-10-21 14:33:00 - streamlit_ui - INFO - Новый запрос пользователя: за год
2025-10-21 14:33:00 - streamlit_ui - INFO - Отправка запроса агенту...
2025-10-21 14:33:00 - streamlit_ui - INFO - Отправка запроса агенту...
2025-10-21 14:33:00 - streamlit_ui - INFO - Отправка запроса агенту...
2025-10-21 14:33:00 - streamlit_ui - INFO - Отправка запроса агенту...
2025-10-21 14:33:06 - streamlit_ui - INFO - Получен ответ: Вот топ-10 препаратов по продажам за последний год:

1. **Амоксициллин** - 416,368,732.49₸
2. **Вита...
2025-10-21 14:33:06 - streamlit_ui - INFO - Получен ответ: Вот топ-10 препаратов по продажам за последний год:

1. **Амоксициллин** - 416,368,732.49₸
2. **Вита...
2025-10-21 14:33:06 - streamlit_ui - INFO - Получен ответ: Вот топ-10 препаратов по продажам за последний год:

1. **Амоксициллин** - 416,368,732.49₸
2. **Вита...
2025-10-21 14:33:06 - streamlit_ui - INFO - Получен ответ: Вот топ-10 препаратов по продажам за последний год:

1. **Амоксициллин** - 416,368,732.49₸
2. **Вита...
2025-10-21 14:33:06 - streamlit_ui - INFO - Ответ успешно отображен пользователю
2025-10-21 14:33:06 - streamlit_ui - INFO - Ответ успешно отображен пользователю
2025-10-21 14:33:06 - streamlit_ui - INFO - Ответ успешно отображен пользователю
2025-10-21 14:33:06 - streamlit_ui - INFO - Ответ успешно отображен пользователю
2025-10-21 14:33:21 - streamlit_ui - INFO - Новый запрос пользователя: а график сделать можешь?
2025-10-21 14:33:21 - streamlit_ui - INFO - Новый запрос пользователя: а график сделать можешь?
2025-10-21 14:33:21 - streamlit_ui - INFO - Новый запрос пользователя: а график сделать можешь?
2025-10-21 14:33:21 - streamlit_ui - INFO - Новый запрос пользователя: а график сделать можешь?
2025-10-21 14:33:21 - streamlit_ui - INFO - Новый запрос пользователя: а график сделать можешь?
2025-10-21 14:33:21 - streamlit_ui - INFO - Отправка запроса агенту...
2025-10-21 14:33:21 - streamlit_ui - INFO - Отправка запроса агенту...
2025-10-21 14:33:21 - streamlit_ui - INFO - Отправка запроса агенту...
2025-10-21 14:33:21 - streamlit_ui - INFO - Отправка запроса агенту...
2025-10-21 14:33:21 - streamlit_ui - INFO - Отправка запроса агенту...
2025-10-21 14:33:26 - streamlit_ui - INFO - Получен ответ: Вот график, показывающий топ-10 препаратов по продажам за последний год:

![Топ-10 препаратов по про...
2025-10-21 14:33:26 - streamlit_ui - INFO - Получен ответ: Вот график, показывающий топ-10 препаратов по продажам за последний год:

![Топ-10 препаратов по про...
2025-10-21 14:33:26 - streamlit_ui - INFO - Получен ответ: Вот график, показывающий топ-10 препаратов по продажам за последний год:

![Топ-10 препаратов по про...
2025-10-21 14:33:26 - streamlit_ui - INFO - Получен ответ: Вот график, показывающий топ-10 препаратов по продажам за последний год:

![Топ-10 препаратов по про...
2025-10-21 14:33:26 - streamlit_ui - INFO - Получен ответ: Вот график, показывающий топ-10 препаратов по продажам за последний год:

![Топ-10 препаратов по про...
2025-10-21 14:33:27 - streamlit_ui - INFO - Ответ успешно отображен пользователю
2025-10-21 14:33:27 - streamlit_ui - INFO - Ответ успешно отображен пользователю
2025-10-21 14:33:27 - streamlit_ui - INFO - Ответ успешно отображен пользователю
2025-10-21 14:33:27 - streamlit_ui - INFO - Ответ успешно отображен пользователю
2025-10-21 14:33:27 - streamlit_ui - INFO - Ответ успешно отображен пользователю
